#
# There is insufficient memory for the Java Runtime Environment to continue.
# Native memory allocation (mmap) failed to map 34603008 bytes for Failed to commit area from 0x0000000089e00000 to 0x000000008bf00000 of length 34603008.
# Possible reasons:
#   The system is out of physical RAM or swap space
#   The process is running with CompressedOops enabled, and the Java Heap may be blocking the growth of the native heap
# Possible solutions:
#   Reduce memory load on the system
#   Increase physical memory or swap space
#   Check if swap backing store is full
#   Decrease Java heap size (-Xmx/-Xms)
#   Decrease number of Java threads
#   Decrease Java thread stack sizes (-Xss)
#   Set larger code cache with -XX:ReservedCodeCacheSize=
#   JVM is running with Unscaled Compressed Oops mode in which the Java heap is
#     placed in the first 4GB address space. The Java Heap base address is the
#     maximum limit for the native heap growth. Please use -XX:HeapBaseMinAddress
#     to set the Java Heap base and to place the Java Heap above 4GB virtual address.
# This output file may be truncated or incomplete.
#
#  Out of Memory Error (./open/src/hotspot/os/windows/os_windows.cpp:3271), pid=9700, tid=10900
#
# JRE version: Java(TM) SE Runtime Environment 18.9 (11.0.7+8) (build 11.0.7+8-LTS)
# Java VM: Java HotSpot(TM) 64-Bit Server VM 18.9 (11.0.7+8-LTS, mixed mode, tiered, compressed oops, g1 gc, windows-amd64)
# No core dump will be written. Minidumps are not enabled by default on client versions of Windows
#

---------------  S U M M A R Y ------------

Command Line: org.jetbrains.kotlin.cli.jvm.K2JVMCompiler @C:\Users\Ivan\AndroidStudioProjects\BroadcastDemo\app\build\20220527_6735055421357559387.compiler.options

Host: Intel(R) Core(TM) i5-8265U CPU @ 1.60GHz, 8 cores, 7G,  Windows 10 , 64 bit Build 17763 (10.0.17763.2928)
Time: Fri May 27 13:44:26 2022 RTZ 7 (ceia) elapsed time: 1 seconds (0d 0h 0m 1s)

---------------  T H R E A D  ---------------

Current thread (0x0000018daa095000):  VMThread "VM Thread" [stack: 0x0000004d27100000,0x0000004d27200000] [id=10900]

Stack: [0x0000004d27100000,0x0000004d27200000]
[error occurred during error reporting (printing stack bounds), id 0xc0000005, EXCEPTION_ACCESS_VIOLATION (0xc0000005) at pc=0x0000018d93030bad]

Native frames: (J=compiled Java code, j=interpreted, Vv=VM code, C=native code)
V  [jvm.dll+0x661a7a]
V  [jvm.dll+0x7a1b2f]
V  [jvm.dll+0x7a31d5]
V  [jvm.dll+0x7a37a5]
V  [jvm.dll+0x7a375b]
V  [jvm.dll+0x661176]
V  [jvm.dll+0x661548]
C  [ntdll.dll+0xa4a2f]
C  [ntdll.dll+0x4cef]
C  [ntdll.dll+0xa379e]
C  0x0000018d93030bad

VM_Operation (0x0000004d26bfbcd0): CollectForMetadataAllocation, mode: safepoint, requested by thread 0x0000018d8941a000


---------------  P R O C E S S  ---------------

Threads class SMR info:
_java_thread_list=0x0000018daab83d80, length=12, elements={
0x0000018d8941a000, 0x0000018daa0b7800, 0x0000018daa0b8800, 0x0000018daaa26800,
0x0000018daaa28000, 0x0000018daaa2c000, 0x0000018daaa2e000, 0x0000018daaa2f000,
0x0000018daabba000, 0x0000018daabc0000, 0x0000018daabb9000, 0x0000018daabc8000
}

Java Threads: ( => current thread )
  0x0000018d8941a000 JavaThread "main" [_thread_blocked, id=11768, stack(0x0000004d26b00000,0x0000004d26c00000)]
  0x0000018daa0b7800 JavaThread "Reference Handler" daemon [_thread_blocked, id=9564, stack(0x0000004d27200000,0x0000004d27300000)]
  0x0000018daa0b8800 JavaThread "Finalizer" daemon [_thread_blocked, id=10800, stack(0x0000004d27300000,0x0000004d27400000)]
  0x0000018daaa26800 JavaThread "Signal Dispatcher" daemon [_thread_blocked, id=12148, stack(0x0000004d27400000,0x0000004d27500000)]
  0x0000018daaa28000 JavaThread "Attach Listener" daemon [_thread_blocked, id=1728, stack(0x0000004d27500000,0x0000004d27600000)]
  0x0000018daaa2c000 JavaThread "C2 CompilerThread0" daemon [_thread_blocked, id=10640, stack(0x0000004d27600000,0x0000004d27700000)]
  0x0000018daaa2e000 JavaThread "C1 CompilerThread0" daemon [_thread_blocked, id=9000, stack(0x0000004d27700000,0x0000004d27800000)]
  0x0000018daaa2f000 JavaThread "Sweeper thread" daemon [_thread_blocked, id=932, stack(0x0000004d27800000,0x0000004d27900000)]
  0x0000018daabba000 JavaThread "Service Thread" daemon [_thread_blocked, id=5384, stack(0x0000004d27900000,0x0000004d27a00000)]
  0x0000018daabc0000 JavaThread "Common-Cleaner" daemon [_thread_blocked, id=10976, stack(0x0000004d27b00000,0x0000004d27c00000)]
  0x0000018daabb9000 JavaThread "C2 CompilerThread1" daemon [_thread_blocked, id=4876, stack(0x0000004d27c00000,0x0000004d27d00000)]
  0x0000018daabc8000 JavaThread "C2 CompilerThread2" daemon [_thread_blocked, id=5820, stack(0x0000004d27d00000,0x0000004d27e00000)]

Other Threads:
=>0x0000018daa095000 VMThread "VM Thread" [stack: 0x0000004d27100000,0x0000004d27200000] [id=10900]
  0x0000018daabbf800 WatcherThread [stack: 0x0000004d27a00000,0x0000004d27b00000] [id=11648]
  0x0000018d89428800 GCTaskThread "GC Thread#0" [stack: 0x0000004d26c00000,0x0000004d26d00000] [id=13612]
  0x0000018dab1d6000 GCTaskThread "GC Thread#1" [stack: 0x0000004d27e00000,0x0000004d27f00000] [id=12716]
  0x0000018dab1ee800 GCTaskThread "GC Thread#2" [stack: 0x0000004d27f00000,0x0000004d28000000] [id=2616]
  0x0000018d89462800 ConcurrentGCThread "G1 Main Marker" [stack: 0x0000004d26d00000,0x0000004d26e00000] [id=11744]
  0x0000018d89465000 ConcurrentGCThread "G1 Conc#0" [stack: 0x0000004d26e00000,0x0000004d26f00000] [id=14312]
  0x0000018dabd7e000 ConcurrentGCThread "G1 Conc#1" [stack: 0x0000004d28000000,0x0000004d28100000] [id=9492]
  0x0000018d894eb000 ConcurrentGCThread "G1 Refine#0" [stack: 0x0000004d26f00000,0x0000004d27000000] [id=12396]
  0x0000018dae022000 ConcurrentGCThread "G1 Refine#1" [stack: 0x0000004d28100000,0x0000004d28200000] [id=12372]
  0x0000018daf6fe000 ConcurrentGCThread "G1 Refine#2" [stack: 0x0000004d28200000,0x0000004d28300000] [id=216]
  0x0000018dafbfe000 ConcurrentGCThread "G1 Refine#3" [stack: 0x0000004d28300000,0x0000004d28400000] [id=13744]
  0x0000018d894ec000 ConcurrentGCThread "G1 Young RemSet Sampling" [stack: 0x0000004d27000000,0x0000004d27100000] [id=2668]

Threads with active compile tasks:
C1 CompilerThread02513       3       java.lang.reflect.Proxy::getProxyConstructor (92 bytes)

VM state:at safepoint (normal execution)

VM Mutex/Monitor currently owned by a thread:  ([mutex/lock_event])
[0x0000018d894183d0] Threads_lock - owner thread: 0x0000018daa095000
[0x0000018d894182b0] Heap_lock - owner thread: 0x0000018d8941a000

Heap address: 0x0000000081e00000, size: 2018 MB, Compressed Oops mode: 32-bit
Narrow klass base: 0x0000000000000000, Narrow klass shift: 3
Compressed class space size: 1073741824 Address: 0x0000000100000000

Heap:
 garbage-first heap   total 164864K, used 34064K [0x0000000081e00000, 0x0000000100000000)
  region size 1024K, 3 young (3072K), 3 survivors (3072K)
 Metaspace       used 35192K, capacity 35529K, committed 35584K, reserved 1081344K
  class space    used 4135K, capacity 4314K, committed 4352K, reserved 1048576K
Heap Regions: E=young(eden), S=young(survivor), O=old, HS=humongous(starts), HC=humongous(continues), CS=collection set, F=free, A=archive, TAMS=top-at-mark-start (previous, next)
|   0|0x0000000081e00000, 0x0000000081f00000, 0x0000000081f00000|100%|HS|  |TAMS 0x0000000081f00000, 0x0000000081f00000| Complete 
|   1|0x0000000081f00000, 0x0000000082000000, 0x0000000082000000|100%|HC|  |TAMS 0x0000000082000000, 0x0000000082000000| Complete 
|   2|0x0000000082000000, 0x0000000082100000, 0x0000000082100000|100%|HC|  |TAMS 0x0000000082100000, 0x0000000082100000| Complete 
|   3|0x0000000082100000, 0x0000000082200000, 0x0000000082200000|100%|HS|  |TAMS 0x0000000082100000, 0x0000000082200000| Complete 
|   4|0x0000000082200000, 0x0000000082300000, 0x0000000082300000|100%|HC|  |TAMS 0x0000000082200000, 0x0000000082300000| Complete 
|   5|0x0000000082300000, 0x0000000082400000, 0x0000000082400000|100%|HC|  |TAMS 0x0000000082300000, 0x0000000082400000| Complete 
|   6|0x0000000082400000, 0x0000000082500000, 0x0000000082500000|100%|HS|  |TAMS 0x0000000082400000, 0x0000000082500000| Complete 
|   7|0x0000000082500000, 0x0000000082600000, 0x0000000082600000|100%|HC|  |TAMS 0x0000000082500000, 0x0000000082600000| Complete 
|   8|0x0000000082600000, 0x0000000082700000, 0x0000000082700000|100%|HC|  |TAMS 0x0000000082600000, 0x0000000082700000| Complete 
|   9|0x0000000082700000, 0x0000000082800000, 0x0000000082800000|100%|HS|  |TAMS 0x0000000082700000, 0x0000000082800000| Complete 
|  10|0x0000000082800000, 0x0000000082900000, 0x0000000082900000|100%|HC|  |TAMS 0x0000000082800000, 0x0000000082900000| Complete 
|  11|0x0000000082900000, 0x0000000082a00000, 0x0000000082a00000|100%| O|  |TAMS 0x0000000082900000, 0x0000000082a00000| Untracked 
|  12|0x0000000082a00000, 0x0000000082b00000, 0x0000000082b00000|100%| O|  |TAMS 0x0000000082a00000, 0x0000000082b00000| Untracked 
|  13|0x0000000082b00000, 0x0000000082c00000, 0x0000000082c00000|100%| O|  |TAMS 0x0000000082b00000, 0x0000000082c00000| Untracked 
|  14|0x0000000082c00000, 0x0000000082d00000, 0x0000000082d00000|100%| O|  |TAMS 0x0000000082c00000, 0x0000000082d00000| Untracked 
|  15|0x0000000082d00000, 0x0000000082e00000, 0x0000000082e00000|100%| O|  |TAMS 0x0000000082d00000, 0x0000000082e00000| Untracked 
|  16|0x0000000082e00000, 0x0000000082f00000, 0x0000000082f00000|100%| O|  |TAMS 0x0000000082e00000, 0x0000000082f00000| Untracked 
|  17|0x0000000082f00000, 0x0000000083000000, 0x0000000083000000|100%| O|  |TAMS 0x0000000082f00000, 0x0000000083000000| Untracked 
|  18|0x0000000083000000, 0x0000000083100000, 0x0000000083100000|100%| O|  |TAMS 0x0000000083000000, 0x0000000083100000| Untracked 
|  19|0x0000000083100000, 0x0000000083200000, 0x0000000083200000|100%| O|  |TAMS 0x0000000083100000, 0x0000000083200000| Untracked 
|  20|0x0000000083200000, 0x0000000083300000, 0x0000000083300000|100%| O|  |TAMS 0x0000000083200000, 0x0000000083300000| Untracked 
|  21|0x0000000083300000, 0x0000000083400000, 0x0000000083400000|100%| O|  |TAMS 0x0000000083300000, 0x0000000083400000| Untracked 
|  22|0x0000000083400000, 0x0000000083500000, 0x0000000083500000|100%| O|  |TAMS 0x0000000083400000, 0x0000000083500000| Untracked 
|  23|0x0000000083500000, 0x0000000083600000, 0x0000000083600000|100%| O|  |TAMS 0x0000000083500000, 0x0000000083600000| Untracked 
|  24|0x0000000083600000, 0x0000000083700000, 0x0000000083700000|100%| O|  |TAMS 0x0000000083600000, 0x0000000083700000| Untracked 
|  25|0x0000000083700000, 0x0000000083800000, 0x0000000083800000|100%| O|  |TAMS 0x0000000083700000, 0x0000000083800000| Untracked 
|  26|0x0000000083800000, 0x0000000083900000, 0x0000000083900000|100%| O|  |TAMS 0x0000000083800000, 0x0000000083900000| Untracked 
|  27|0x0000000083900000, 0x0000000083a00000, 0x0000000083a00000|100%| O|  |TAMS 0x0000000083900000, 0x0000000083a00000| Untracked 
|  28|0x0000000083a00000, 0x0000000083b00000, 0x0000000083b00000|100%| O|  |TAMS 0x0000000083a00000, 0x0000000083b00000| Untracked 
|  29|0x0000000083b00000, 0x0000000083c00000, 0x0000000083c00000|100%| O|  |TAMS 0x0000000083b00000, 0x0000000083c00000| Untracked 
|  30|0x0000000083c00000, 0x0000000083d00000, 0x0000000083d00000|100%| O|  |TAMS 0x0000000083c00000, 0x0000000083d00000| Untracked 
|  31|0x0000000083d00000, 0x0000000083d00000, 0x0000000083e00000|  0%| F|  |TAMS 0x0000000083d00000, 0x0000000083d00000| Untracked 
|  32|0x0000000083e00000, 0x0000000083e00000, 0x0000000083f00000|  0%| F|  |TAMS 0x0000000083e00000, 0x0000000083e00000| Untracked 
|  33|0x0000000083f00000, 0x0000000083f00000, 0x0000000084000000|  0%| F|  |TAMS 0x0000000083f00000, 0x0000000083f00000| Untracked 
|  34|0x0000000084000000, 0x0000000084000000, 0x0000000084100000|  0%| F|  |TAMS 0x0000000084000000, 0x0000000084000000| Untracked 
|  35|0x0000000084100000, 0x0000000084100000, 0x0000000084200000|  0%| F|  |TAMS 0x0000000084100000, 0x0000000084100000| Untracked 
|  36|0x0000000084200000, 0x0000000084200000, 0x0000000084300000|  0%| F|  |TAMS 0x0000000084200000, 0x0000000084200000| Untracked 
|  37|0x0000000084300000, 0x0000000084300000, 0x0000000084400000|  0%| F|  |TAMS 0x0000000084300000, 0x0000000084300000| Untracked 
|  38|0x0000000084400000, 0x0000000084400000, 0x0000000084500000|  0%| F|  |TAMS 0x0000000084400000, 0x0000000084400000| Untracked 
|  39|0x0000000084500000, 0x0000000084500000, 0x0000000084600000|  0%| F|  |TAMS 0x0000000084500000, 0x0000000084500000| Untracked 
|  40|0x0000000084600000, 0x0000000084600000, 0x0000000084700000|  0%| F|  |TAMS 0x0000000084600000, 0x0000000084600000| Untracked 
|  41|0x0000000084700000, 0x0000000084700000, 0x0000000084800000|  0%| F|  |TAMS 0x0000000084700000, 0x0000000084700000| Untracked 
|  42|0x0000000084800000, 0x0000000084800000, 0x0000000084900000|  0%| F|  |TAMS 0x0000000084800000, 0x0000000084800000| Untracked 
|  43|0x0000000084900000, 0x0000000084900000, 0x0000000084a00000|  0%| F|  |TAMS 0x0000000084900000, 0x0000000084900000| Untracked 
|  44|0x0000000084a00000, 0x0000000084a00000, 0x0000000084b00000|  0%| F|  |TAMS 0x0000000084a00000, 0x0000000084a00000| Untracked 
|  45|0x0000000084b00000, 0x0000000084b00000, 0x0000000084c00000|  0%| F|  |TAMS 0x0000000084b00000, 0x0000000084b00000| Untracked 
|  46|0x0000000084c00000, 0x0000000084c00000, 0x0000000084d00000|  0%| F|  |TAMS 0x0000000084c00000, 0x0000000084c00000| Untracked 
|  47|0x0000000084d00000, 0x0000000084d00000, 0x0000000084e00000|  0%| F|  |TAMS 0x0000000084d00000, 0x0000000084d00000| Untracked 
|  48|0x0000000084e00000, 0x0000000084e00000, 0x0000000084f00000|  0%| F|  |TAMS 0x0000000084e00000, 0x0000000084e00000| Untracked 
|  49|0x0000000084f00000, 0x0000000084f00000, 0x0000000085000000|  0%| F|  |TAMS 0x0000000084f00000, 0x0000000084f00000| Untracked 
|  50|0x0000000085000000, 0x0000000085000000, 0x0000000085100000|  0%| F|  |TAMS 0x0000000085000000, 0x0000000085000000| Untracked 
|  51|0x0000000085100000, 0x0000000085100000, 0x0000000085200000|  0%| F|  |TAMS 0x0000000085100000, 0x0000000085100000| Untracked 
|  52|0x0000000085200000, 0x0000000085200000, 0x0000000085300000|  0%| F|  |TAMS 0x0000000085200000, 0x0000000085200000| Untracked 
|  53|0x0000000085300000, 0x0000000085300000, 0x0000000085400000|  0%| F|  |TAMS 0x0000000085300000, 0x0000000085300000| Untracked 
|  54|0x0000000085400000, 0x0000000085400000, 0x0000000085500000|  0%| F|  |TAMS 0x0000000085400000, 0x0000000085400000| Untracked 
|  55|0x0000000085500000, 0x0000000085500000, 0x0000000085600000|  0%| F|  |TAMS 0x0000000085500000, 0x0000000085500000| Untracked 
|  56|0x0000000085600000, 0x0000000085600000, 0x0000000085700000|  0%| F|  |TAMS 0x0000000085600000, 0x0000000085600000| Untracked 
|  57|0x0000000085700000, 0x0000000085700000, 0x0000000085800000|  0%| F|  |TAMS 0x0000000085700000, 0x0000000085700000| Untracked 
|  58|0x0000000085800000, 0x0000000085800000, 0x0000000085900000|  0%| F|  |TAMS 0x0000000085800000, 0x0000000085800000| Untracked 
|  59|0x0000000085900000, 0x0000000085900000, 0x0000000085a00000|  0%| F|  |TAMS 0x0000000085900000, 0x0000000085900000| Untracked 
|  60|0x0000000085a00000, 0x0000000085a00000, 0x0000000085b00000|  0%| F|  |TAMS 0x0000000085a00000, 0x0000000085a00000| Untracked 
|  61|0x0000000085b00000, 0x0000000085b00000, 0x0000000085c00000|  0%| F|  |TAMS 0x0000000085b00000, 0x0000000085b00000| Untracked 
|  62|0x0000000085c00000, 0x0000000085c00000, 0x0000000085d00000|  0%| F|  |TAMS 0x0000000085c00000, 0x0000000085c00000| Untracked 
|  63|0x0000000085d00000, 0x0000000085d00000, 0x0000000085e00000|  0%| F|  |TAMS 0x0000000085d00000, 0x0000000085d00000| Untracked 
|  64|0x0000000085e00000, 0x0000000085e00000, 0x0000000085f00000|  0%| F|  |TAMS 0x0000000085e00000, 0x0000000085e00000| Untracked 
|  65|0x0000000085f00000, 0x0000000085f00000, 0x0000000086000000|  0%| F|  |TAMS 0x0000000085f00000, 0x0000000085f00000| Untracked 
|  66|0x0000000086000000, 0x0000000086000000, 0x0000000086100000|  0%| F|  |TAMS 0x0000000086000000, 0x0000000086000000| Untracked 
|  67|0x0000000086100000, 0x0000000086100000, 0x0000000086200000|  0%| F|  |TAMS 0x0000000086100000, 0x0000000086100000| Untracked 
|  68|0x0000000086200000, 0x0000000086200000, 0x0000000086300000|  0%| F|  |TAMS 0x0000000086200000, 0x0000000086200000| Untracked 
|  69|0x0000000086300000, 0x0000000086300000, 0x0000000086400000|  0%| F|  |TAMS 0x0000000086300000, 0x0000000086300000| Untracked 
|  70|0x0000000086400000, 0x0000000086400000, 0x0000000086500000|  0%| F|  |TAMS 0x0000000086400000, 0x0000000086400000| Untracked 
|  71|0x0000000086500000, 0x0000000086500000, 0x0000000086600000|  0%| F|  |TAMS 0x0000000086500000, 0x0000000086500000| Untracked 
|  72|0x0000000086600000, 0x0000000086600000, 0x0000000086700000|  0%| F|  |TAMS 0x0000000086600000, 0x0000000086600000| Untracked 
|  73|0x0000000086700000, 0x0000000086700000, 0x0000000086800000|  0%| F|  |TAMS 0x0000000086700000, 0x0000000086700000| Untracked 
|  74|0x0000000086800000, 0x0000000086800000, 0x0000000086900000|  0%| F|  |TAMS 0x0000000086800000, 0x0000000086800000| Untracked 
|  75|0x0000000086900000, 0x0000000086900000, 0x0000000086a00000|  0%| F|  |TAMS 0x0000000086900000, 0x0000000086900000| Untracked 
|  76|0x0000000086a00000, 0x0000000086a00000, 0x0000000086b00000|  0%| F|  |TAMS 0x0000000086a00000, 0x0000000086a00000| Untracked 
|  77|0x0000000086b00000, 0x0000000086b00000, 0x0000000086c00000|  0%| F|  |TAMS 0x0000000086b00000, 0x0000000086b00000| Untracked 
|  78|0x0000000086c00000, 0x0000000086c00000, 0x0000000086d00000|  0%| F|  |TAMS 0x0000000086c00000, 0x0000000086c00000| Untracked 
|  79|0x0000000086d00000, 0x0000000086d00000, 0x0000000086e00000|  0%| F|  |TAMS 0x0000000086d00000, 0x0000000086d00000| Untracked 
|  80|0x0000000086e00000, 0x0000000086e00000, 0x0000000086f00000|  0%| F|  |TAMS 0x0000000086e00000, 0x0000000086e00000| Untracked 
|  81|0x0000000086f00000, 0x0000000086f00000, 0x0000000087000000|  0%| F|  |TAMS 0x0000000086f00000, 0x0000000086f00000| Untracked 
|  82|0x0000000087000000, 0x0000000087000000, 0x0000000087100000|  0%| F|  |TAMS 0x0000000087000000, 0x0000000087000000| Untracked 
|  83|0x0000000087100000, 0x0000000087100000, 0x0000000087200000|  0%| F|  |TAMS 0x0000000087100000, 0x0000000087100000| Untracked 
|  84|0x0000000087200000, 0x0000000087200000, 0x0000000087300000|  0%| F|  |TAMS 0x0000000087200000, 0x0000000087200000| Untracked 
|  85|0x0000000087300000, 0x0000000087300000, 0x0000000087400000|  0%| F|  |TAMS 0x0000000087300000, 0x0000000087300000| Untracked 
|  86|0x0000000087400000, 0x0000000087400000, 0x0000000087500000|  0%| F|  |TAMS 0x0000000087400000, 0x0000000087400000| Untracked 
|  87|0x0000000087500000, 0x0000000087500000, 0x0000000087600000|  0%| F|  |TAMS 0x0000000087500000, 0x0000000087500000| Untracked 
|  88|0x0000000087600000, 0x0000000087600000, 0x0000000087700000|  0%| F|  |TAMS 0x0000000087600000, 0x0000000087600000| Untracked 
|  89|0x0000000087700000, 0x0000000087700000, 0x0000000087800000|  0%| F|  |TAMS 0x0000000087700000, 0x0000000087700000| Untracked 
|  90|0x0000000087800000, 0x0000000087800000, 0x0000000087900000|  0%| F|  |TAMS 0x0000000087800000, 0x0000000087800000| Untracked 
|  91|0x0000000087900000, 0x0000000087900000, 0x0000000087a00000|  0%| F|  |TAMS 0x0000000087900000, 0x0000000087900000| Untracked 
|  92|0x0000000087a00000, 0x0000000087a00000, 0x0000000087b00000|  0%| F|  |TAMS 0x0000000087a00000, 0x0000000087a00000| Untracked 
|  93|0x0000000087b00000, 0x0000000087b00000, 0x0000000087c00000|  0%| F|  |TAMS 0x0000000087b00000, 0x0000000087b00000| Untracked 
|  94|0x0000000087c00000, 0x0000000087c00000, 0x0000000087d00000|  0%| F|  |TAMS 0x0000000087c00000, 0x0000000087c00000| Untracked 
|  95|0x0000000087d00000, 0x0000000087d00000, 0x0000000087e00000|  0%| F|  |TAMS 0x0000000087d00000, 0x0000000087d00000| Untracked 
|  96|0x0000000087e00000, 0x0000000087e00000, 0x0000000087f00000|  0%| F|  |TAMS 0x0000000087e00000, 0x0000000087e00000| Untracked 
|  97|0x0000000087f00000, 0x0000000087f00000, 0x0000000088000000|  0%| F|  |TAMS 0x0000000087f00000, 0x0000000087f00000| Untracked 
|  98|0x0000000088000000, 0x0000000088000000, 0x0000000088100000|  0%| F|  |TAMS 0x0000000088000000, 0x0000000088000000| Untracked 
|  99|0x0000000088100000, 0x0000000088100000, 0x0000000088200000|  0%| F|  |TAMS 0x0000000088100000, 0x0000000088100000| Untracked 
| 100|0x0000000088200000, 0x0000000088200000, 0x0000000088300000|  0%| F|  |TAMS 0x0000000088200000, 0x0000000088200000| Untracked 
| 101|0x0000000088300000, 0x0000000088300000, 0x0000000088400000|  0%| F|  |TAMS 0x0000000088300000, 0x0000000088300000| Untracked 
| 102|0x0000000088400000, 0x0000000088400000, 0x0000000088500000|  0%| F|  |TAMS 0x0000000088400000, 0x0000000088400000| Untracked 
| 103|0x0000000088500000, 0x0000000088500000, 0x0000000088600000|  0%| F|  |TAMS 0x0000000088500000, 0x0000000088500000| Untracked 
| 104|0x0000000088600000, 0x0000000088600000, 0x0000000088700000|  0%| F|  |TAMS 0x0000000088600000, 0x0000000088600000| Untracked 
| 105|0x0000000088700000, 0x0000000088700000, 0x0000000088800000|  0%| F|  |TAMS 0x0000000088700000, 0x0000000088700000| Untracked 
| 106|0x0000000088800000, 0x0000000088800000, 0x0000000088900000|  0%| F|  |TAMS 0x0000000088800000, 0x0000000088800000| Untracked 
| 107|0x0000000088900000, 0x0000000088900000, 0x0000000088a00000|  0%| F|  |TAMS 0x0000000088900000, 0x0000000088900000| Untracked 
| 108|0x0000000088a00000, 0x0000000088a00000, 0x0000000088b00000|  0%| F|  |TAMS 0x0000000088a00000, 0x0000000088a00000| Untracked 
| 109|0x0000000088b00000, 0x0000000088b00000, 0x0000000088c00000|  0%| F|  |TAMS 0x0000000088b00000, 0x0000000088b00000| Untracked 
| 110|0x0000000088c00000, 0x0000000088c442c0, 0x0000000088d00000| 26%| S|CS|TAMS 0x0000000088c00000, 0x0000000088c00000| Complete 
| 111|0x0000000088d00000, 0x0000000088e00000, 0x0000000088e00000|100%| S|CS|TAMS 0x0000000088d00000, 0x0000000088d00000| Complete 
| 112|0x0000000088e00000, 0x0000000088f00000, 0x0000000088f00000|100%| S|CS|TAMS 0x0000000088e00000, 0x0000000088e00000| Complete 
| 113|0x0000000088f00000, 0x0000000088f00000, 0x0000000089000000|  0%| F|  |TAMS 0x0000000088f00000, 0x0000000088f00000| Untracked 
| 114|0x0000000089000000, 0x0000000089000000, 0x0000000089100000|  0%| F|  |TAMS 0x0000000089000000, 0x0000000089000000| Untracked 
| 115|0x0000000089100000, 0x0000000089100000, 0x0000000089200000|  0%| F|  |TAMS 0x0000000089100000, 0x0000000089100000| Untracked 
| 116|0x0000000089200000, 0x0000000089200000, 0x0000000089300000|  0%| F|  |TAMS 0x0000000089200000, 0x0000000089200000| Untracked 
| 117|0x0000000089300000, 0x0000000089300000, 0x0000000089400000|  0%| F|  |TAMS 0x0000000089300000, 0x0000000089300000| Untracked 
| 118|0x0000000089400000, 0x0000000089400000, 0x0000000089500000|  0%| F|  |TAMS 0x0000000089400000, 0x0000000089400000| Untracked 
| 119|0x0000000089500000, 0x0000000089500000, 0x0000000089600000|  0%| F|  |TAMS 0x0000000089500000, 0x0000000089500000| Untracked 
| 120|0x0000000089600000, 0x0000000089600000, 0x0000000089700000|  0%| F|  |TAMS 0x0000000089600000, 0x0000000089600000| Untracked 
| 121|0x0000000089700000, 0x0000000089700000, 0x0000000089800000|  0%| F|  |TAMS 0x0000000089700000, 0x0000000089700000| Untracked 
| 122|0x0000000089800000, 0x0000000089800000, 0x0000000089900000|  0%| F|  |TAMS 0x0000000089800000, 0x0000000089800000| Untracked 
| 123|0x0000000089900000, 0x0000000089900000, 0x0000000089a00000|  0%| F|  |TAMS 0x0000000089900000, 0x0000000089900000| Untracked 
| 124|0x0000000089a00000, 0x0000000089a00000, 0x0000000089b00000|  0%| F|  |TAMS 0x0000000089a00000, 0x0000000089a00000| Untracked 
| 125|0x0000000089b00000, 0x0000000089b00000, 0x0000000089c00000|  0%| F|  |TAMS 0x0000000089b00000, 0x0000000089b00000| Untracked 
| 126|0x0000000089c00000, 0x0000000089c00000, 0x0000000089d00000|  0%| F|  |TAMS 0x0000000089c00000, 0x0000000089c00000| Untracked 
| 127|0x0000000089d00000, 0x0000000089d00000, 0x0000000089e00000|  0%| F|  |TAMS 0x0000000089d00000, 0x0000000089d00000| Untracked 

Card table byte_map: [0x0000018da2ea0000,0x0000018da32a0000] _byte_map_base: 0x0000018da2a91000

Marking Bits (Prev, Next): (CMBitMap*) 0x0000018d89458150, (CMBitMap*) 0x0000018d89458118
 Prev Bits: [0x0000018da5630000, 0x0000018da75b8000)
 Next Bits: [0x0000018da36a0000, 0x0000018da5628000)

Polling page: 0x0000018d892c0000

Metaspace:

Usage:
  Non-class:     30.48 MB capacity,    30.33 MB (>99%) used,   107.61 KB ( <1%) free+waste,    50.25 KB ( <1%) overhead. 
      Class:      4.21 MB capacity,     4.04 MB ( 96%) used,   156.80 KB (  4%) free+waste,    22.13 KB ( <1%) overhead. 
       Both:     34.70 MB capacity,    34.37 MB (>99%) used,   264.41 KB ( <1%) free+waste,    72.38 KB ( <1%) overhead. 

Virtual space:
  Non-class space:       32.00 MB reserved,      30.50 MB ( 95%) committed 
      Class space:        1.00 GB reserved,       4.25 MB ( <1%) committed 
             Both:        1.03 GB reserved,      34.75 MB (  3%) committed 

Chunk freelists:
   Non-Class:  2.13 KB
       Class:  768 bytes
        Both:  2.88 KB

CodeHeap 'non-profiled nmethods': size=120000Kb used=1030Kb max_used=1030Kb free=118969Kb
 bounds [0x0000018d9ab00000, 0x0000018d9ad70000, 0x0000018da2030000]
CodeHeap 'profiled nmethods': size=120000Kb used=4784Kb max_used=4784Kb free=115215Kb
 bounds [0x0000018d935d0000, 0x0000018d93a80000, 0x0000018d9ab00000]
CodeHeap 'non-nmethods': size=5760Kb used=1164Kb max_used=1219Kb free=4595Kb
 bounds [0x0000018d93030000, 0x0000018d932a0000, 0x0000018d935d0000]
 total_blobs=3681 nmethods=2508 adapters=419
 compilation: enabled
              stopped_count=0, restarted_count=0
 full_count=0

Compilation events (10 events):
Event: 1.688 Thread 0x0000018daaa2e000 2509       3       sun.reflect.generics.visitor.Reifier::visitClassTypeSignature (381 bytes)
Event: 1.688 Thread 0x0000018daaa2c000 nmethod 2490 0x0000018d9ac00590 code [0x0000018d9ac007a0, 0x0000018d9ac012c8]
Event: 1.689 Thread 0x0000018daaa2e000 nmethod 2509 0x0000018d93a76710 code [0x0000018d93a76be0, 0x0000018d93a78f80]
Event: 1.689 Thread 0x0000018daaa2e000 2510       3       java.lang.Class::annotationData (44 bytes)
Event: 1.689 Thread 0x0000018daaa2e000 nmethod 2510 0x0000018d93a79d90 code [0x0000018d93a79f60, 0x0000018d93a7a330]
Event: 1.694 Thread 0x0000018daaa2e000 2511   !   3       jdk.internal.loader.AbstractClassLoaderValue::computeIfAbsent (113 bytes)
Event: 1.695 Thread 0x0000018daaa2e000 nmethod 2511 0x0000018d93a7a490 code [0x0000018d93a7a740, 0x0000018d93a7b590]
Event: 1.695 Thread 0x0000018daaa2e000 2512       3       java.lang.reflect.Proxy::newProxyInstance (35 bytes)
Event: 1.695 Thread 0x0000018daaa2e000 nmethod 2512 0x0000018d93a7bb90 code [0x0000018d93a7bd80, 0x0000018d93a7c180]
Event: 1.695 Thread 0x0000018daaa2e000 2513       3       java.lang.reflect.Proxy::getProxyConstructor (92 bytes)

GC Heap History (9 events):
Event: 0.391 GC heap before
{Heap before GC invocations=0 (full 0):
 garbage-first heap   total 131072K, used 27648K [0x0000000081e00000, 0x0000000100000000)
  region size 1024K, 24 young (24576K), 0 survivors (0K)
 Metaspace       used 12351K, capacity 12469K, committed 12800K, reserved 1060864K
  class space    used 1159K, capacity 1174K, committed 1280K, reserved 1048576K
}
Event: 0.393 GC heap after
{Heap after GC invocations=1 (full 0):
 garbage-first heap   total 131072K, used 5775K [0x0000000081e00000, 0x0000000100000000)
  region size 1024K, 3 young (3072K), 3 survivors (3072K)
 Metaspace       used 12351K, capacity 12469K, committed 12800K, reserved 1060864K
  class space    used 1159K, capacity 1174K, committed 1280K, reserved 1048576K
}
Event: 0.849 GC heap before
{Heap before GC invocations=1 (full 0):
 garbage-first heap   total 131072K, used 40591K [0x0000000081e00000, 0x0000000100000000)
  region size 1024K, 38 young (38912K), 3 survivors (3072K)
 Metaspace       used 21006K, capacity 21156K, committed 21248K, reserved 1069056K
  class space    used 2220K, capacity 2284K, committed 2304K, reserved 1048576K
}
Event: 0.857 GC heap after
{Heap after GC invocations=2 (full 0):
 garbage-first heap   total 131072K, used 9522K [0x0000000081e00000, 0x0000000100000000)
  region size 1024K, 7 young (7168K), 7 survivors (7168K)
 Metaspace       used 21006K, capacity 21156K, committed 21248K, reserved 1069056K
  class space    used 2220K, capacity 2284K, committed 2304K, reserved 1048576K
}
Event: 1.451 GC heap before
{Heap before GC invocations=3 (full 0):
 garbage-first heap   total 131072K, used 66866K [0x0000000081e00000, 0x0000000100000000)
  region size 1024K, 55 young (56320K), 7 survivors (7168K)
 Metaspace       used 31691K, capacity 32095K, committed 32384K, reserved 1077248K
  class space    used 3760K, capacity 3918K, committed 3968K, reserved 1048576K
}
Event: 1.470 GC heap after
{Heap after GC invocations=4 (full 0):
 garbage-first heap   total 131072K, used 31639K [0x0000000081e00000, 0x0000000100000000)
  region size 1024K, 7 young (7168K), 7 survivors (7168K)
 Metaspace       used 31691K, capacity 32095K, committed 32384K, reserved 1077248K
  class space    used 3760K, capacity 3918K, committed 3968K, reserved 1048576K
}
Event: 1.548 GC heap before
{Heap before GC invocations=4 (full 0):
 garbage-first heap   total 131072K, used 37783K [0x0000000081e00000, 0x0000000100000000)
  region size 1024K, 13 young (13312K), 7 survivors (7168K)
 Metaspace       used 32815K, capacity 33162K, committed 33280K, reserved 1079296K
  class space    used 3874K, capacity 4018K, committed 4096K, reserved 1048576K
}
Event: 1.556 GC heap after
{Heap after GC invocations=5 (full 0):
 garbage-first heap   total 131072K, used 33164K [0x0000000081e00000, 0x0000000100000000)
  region size 1024K, 2 young (2048K), 2 survivors (2048K)
 Metaspace       used 32815K, capacity 33162K, committed 33280K, reserved 1079296K
  class space    used 3874K, capacity 4018K, committed 4096K, reserved 1048576K
}
Event: 1.696 GC heap before
{Heap before GC invocations=5 (full 0):
 garbage-first heap   total 131072K, used 45452K [0x0000000081e00000, 0x0000000100000000)
  region size 1024K, 15 young (15360K), 2 survivors (2048K)
 Metaspace       used 35192K, capacity 35529K, committed 35584K, reserved 1081344K
  class space    used 4135K, capacity 4314K, committed 4352K, reserved 1048576K
}

Deoptimization events (10 events):
Event: 1.543 Thread 0x0000018d8941a000 Uncommon trap: reason=class_check action=maybe_recompile pc=0x0000018d9abb7d10 method=java.util.AbstractList$Itr.hasNext()Z @ 8 c2
Event: 1.543 Thread 0x0000018d8941a000 Uncommon trap: reason=class_check action=maybe_recompile pc=0x0000018d9abb7d10 method=java.util.AbstractList$Itr.hasNext()Z @ 8 c2
Event: 1.543 Thread 0x0000018d8941a000 Uncommon trap: reason=class_check action=maybe_recompile pc=0x0000018d9abb8078 method=java.util.AbstractList$Itr.next()Ljava/lang/Object; @ 14 c2
Event: 1.543 Thread 0x0000018d8941a000 Uncommon trap: reason=class_check action=maybe_recompile pc=0x0000018d9abb8078 method=java.util.AbstractList$Itr.next()Ljava/lang/Object; @ 14 c2
Event: 1.543 Thread 0x0000018d8941a000 Uncommon trap: reason=class_check action=maybe_recompile pc=0x0000018d9abb8078 method=java.util.AbstractList$Itr.next()Ljava/lang/Object; @ 14 c2
Event: 1.544 Thread 0x0000018d8941a000 Uncommon trap: reason=class_check action=maybe_recompile pc=0x0000018d9abb6b8c method=gnu.trove.TObjectHash.index(Ljava/lang/Object;)I @ 22 c2
Event: 1.544 Thread 0x0000018d8941a000 Uncommon trap: reason=class_check action=maybe_recompile pc=0x0000018d9abd06cc method=org.jetbrains.kotlin.protobuf.CodedInputStream.tryRefillBuffer(I)Z @ 177 c2
Event: 1.545 Thread 0x0000018d8941a000 Uncommon trap: reason=class_check action=maybe_recompile pc=0x0000018d9abd06cc method=org.jetbrains.kotlin.protobuf.CodedInputStream.tryRefillBuffer(I)Z @ 177 c2
Event: 1.546 Thread 0x0000018d8941a000 Uncommon trap: reason=class_check action=maybe_recompile pc=0x0000018d9abb6b8c method=gnu.trove.TObjectHash.index(Ljava/lang/Object;)I @ 22 c2
Event: 1.629 Thread 0x0000018d8941a000 Uncommon trap: reason=unstable_if action=reinterpret pc=0x0000018d9ab31374 method=java.util.concurrent.ConcurrentHashMap.get(Ljava/lang/Object;)Ljava/lang/Object; @ 76 c2

Classes redefined (0 events):
No events

Internal exceptions (10 events):
Event: 0.966 Thread 0x0000018d8941a000 Exception <a 'java/lang/NoSuchMethodError'{0x00000000896abcf0}: java.lang.invoke.DelegatingMethodHandle$Holder.reinvoke_L(Ljava/lang/Object;IILjava/lang/Object;Ljava/lang/Object;Ljava/lang/Object;)Ljava/lang/Object;> (0x00000000896abcf0) thrown at [./open
Event: 0.966 Thread 0x0000018d8941a000 Exception <a 'java/lang/NoSuchMethodError'{0x00000000896b0078}: java.lang.invoke.DirectMethodHandle$Holder.invokeStatic(Ljava/lang/Object;Ljava/lang/Object;Ljava/lang/Object;Ljava/lang/Object;I)Ljava/lang/Object;> (0x00000000896b0078) thrown at [./open/sr
Event: 0.991 Thread 0x0000018d8941a000 Implicit null exception at 0x0000018d9ab8522c to 0x0000018d9ab853dc
Event: 1.010 Thread 0x0000018d8941a000 Exception <a 'java/lang/NoSuchMethodError'{0x0000000089015518}: java.lang.invoke.DirectMethodHandle$Holder.invokeStatic(Ljava/lang/Object;Ljava/lang/Object;Ljava/lang/Object;Ljava/lang/Object;)V> (0x0000000089015518) thrown at [./open/src/hotspot/share/in
Event: 1.024 Thread 0x0000018d8941a000 Exception <a 'java/lang/NoSuchMethodError'{0x0000000088f65980}: java.lang.invoke.DirectMethodHandle$Holder.invokeSpecial(Ljava/lang/Object;Ljava/lang/Object;)V> (0x0000000088f65980) thrown at [./open/src/hotspot/share/interpreter/linkResolver.cpp, line 77
Event: 1.051 Thread 0x0000018d8941a000 Exception <a 'java/lang/NoSuchMethodError'{0x0000000088c0ad08}: java.lang.invoke.DirectMethodHandle$Holder.invokeStaticInit(Ljava/lang/Object;Ljava/lang/Object;)V> (0x0000000088c0ad08) thrown at [./open/src/hotspot/share/interpreter/linkResolver.cpp, line
Event: 1.056 Thread 0x0000018d8941a000 Exception <a 'java/lang/NoSuchMethodError'{0x0000000088c490d0}: java.lang.invoke.DirectMethodHandle$Holder.invokeInterface(Ljava/lang/Object;Ljava/lang/Object;)V> (0x0000000088c490d0) thrown at [./open/src/hotspot/share/interpreter/linkResolver.cpp, line 
Event: 1.102 Thread 0x0000018d8941a000 Exception <a 'java/lang/NoSuchMethodError'{0x0000000088852dd0}: java.lang.invoke.DirectMethodHandle$Holder.invokeVirtual(Ljava/lang/Object;Ljava/lang/Object;)V> (0x0000000088852dd0) thrown at [./open/src/hotspot/share/interpreter/linkResolver.cpp, line 77
Event: 1.109 Thread 0x0000018d8941a000 Exception <a 'java/lang/NoSuchMethodError'{0x00000000888c9420}: java.lang.invoke.DirectMethodHandle$Holder.invokeVirtual(Ljava/lang/Object;Ljava/lang/Object;)I> (0x00000000888c9420) thrown at [./open/src/hotspot/share/interpreter/linkResolver.cpp, line 77
Event: 1.533 Thread 0x0000018d8941a000 Exception <a 'java/lang/NoSuchMethodError'{0x00000000899f48a8}: java.lang.invoke.DirectMethodHandle$Holder.invokeVirtual(Ljava/lang/Object;Ljava/lang/Object;Ljava/lang/Object;)Ljava/lang/Object;> (0x00000000899f48a8) thrown at [./open/src/hotspot/share/in

Events (10 events):
Event: 1.693 loading class org/jetbrains/kotlin/javax/inject/Inject done
Event: 1.694 loading class org/jetbrains/kotlin/container/SetterInfo
Event: 1.694 loading class org/jetbrains/kotlin/container/SetterInfo done
Event: 1.695 loading class org/jetbrains/kotlin/resolve/DeclarationResolver
Event: 1.695 loading class org/jetbrains/kotlin/resolve/DeclarationResolver done
Event: 1.695 loading class org/jetbrains/kotlin/resolve/OverrideResolver
Event: 1.695 loading class org/jetbrains/kotlin/resolve/OverrideResolver done
Event: 1.696 loading class org/jetbrains/kotlin/resolve/OverloadResolver
Event: 1.696 loading class org/jetbrains/kotlin/resolve/OverloadResolver done
Event: 1.696 Executing VM operation: CollectForMetadataAllocation


Dynamic libraries:
0x00007ff7ea8e0000 - 0x00007ff7ea927000 	C:\Program Files\Java\jdk-11.0.7\bin\java.exe
0x00007ffa54010000 - 0x00007ffa541fd000 	C:\Windows\SYSTEM32\ntdll.dll
0x00007ffa534b0000 - 0x00007ffa53563000 	C:\Windows\System32\KERNEL32.DLL
0x00007ffa50fa0000 - 0x00007ffa51234000 	C:\Windows\System32\KERNELBASE.dll
0x00007ffa52fa0000 - 0x00007ffa53047000 	C:\Windows\System32\ADVAPI32.dll
0x00007ffa53570000 - 0x00007ffa5360e000 	C:\Windows\System32\msvcrt.dll
0x00007ffa53260000 - 0x00007ffa532ff000 	C:\Windows\System32\sechost.dll
0x00007ffa538e0000 - 0x00007ffa539fd000 	C:\Windows\System32\RPCRT4.dll
0x00007ffa53050000 - 0x00007ffa531e7000 	C:\Windows\System32\USER32.dll
0x00007ffa500a0000 - 0x00007ffa500c0000 	C:\Windows\System32\win32u.dll
0x00007ffa52df0000 - 0x00007ffa52e19000 	C:\Windows\System32\GDI32.dll
0x00007ffa50d70000 - 0x00007ffa50f0c000 	C:\Windows\System32\gdi32full.dll
0x00007ffa50c80000 - 0x00007ffa50d20000 	C:\Windows\System32\msvcp_win.dll
0x00007ffa50170000 - 0x00007ffa5026a000 	C:\Windows\System32\ucrtbase.dll
0x00007ffa41380000 - 0x00007ffa415f9000 	C:\Windows\WinSxS\amd64_microsoft.windows.common-controls_6595b64144ccf1df_6.0.17763.2928_none_de6f2d70534d3d29\COMCTL32.dll
0x00007ffa4c240000 - 0x00007ffa4c24a000 	C:\Windows\SYSTEM32\VERSION.dll
0x00007ffa528e0000 - 0x00007ffa52c0d000 	C:\Windows\System32\combase.dll
0x00007ffa50f10000 - 0x00007ffa50f92000 	C:\Windows\System32\bcryptPrimitives.dll
0x00007ffa53ad0000 - 0x00007ffa53afe000 	C:\Windows\System32\IMM32.DLL
0x00007ffa45520000 - 0x00007ffa45536000 	C:\Program Files\Java\jdk-11.0.7\bin\vcruntime140.dll
0x00007ffa3ec10000 - 0x00007ffa3ecba000 	C:\Program Files\Java\jdk-11.0.7\bin\msvcp140.dll
0x00007ffa1d900000 - 0x00007ffa1e461000 	C:\Program Files\Java\jdk-11.0.7\bin\server\jvm.dll
0x00007ffa528d0000 - 0x00007ffa528d8000 	C:\Windows\System32\PSAPI.DLL
0x00007ffa3dfc0000 - 0x00007ffa3dfe4000 	C:\Windows\SYSTEM32\WINMM.dll
0x00007ffa45250000 - 0x00007ffa45259000 	C:\Windows\SYSTEM32\WSOCK32.dll
0x00007ffa53a00000 - 0x00007ffa53a6d000 	C:\Windows\System32\WS2_32.dll
0x00007ffa3df90000 - 0x00007ffa3dfbd000 	C:\Windows\SYSTEM32\winmmbase.dll
0x00007ffa50d20000 - 0x00007ffa50d6a000 	C:\Windows\System32\cfgmgr32.dll
0x00007ffa4ffd0000 - 0x00007ffa4ffe1000 	C:\Windows\System32\kernel.appcore.dll
0x00007ffa45500000 - 0x00007ffa45511000 	C:\Program Files\Java\jdk-11.0.7\bin\verify.dll
0x00007ffa4e910000 - 0x00007ffa4eafd000 	C:\Windows\SYSTEM32\DBGHELP.DLL
0x00007ffa48eb0000 - 0x00007ffa48eda000 	C:\Windows\SYSTEM32\dbgcore.DLL
0x00007ffa44940000 - 0x00007ffa44969000 	C:\Program Files\Java\jdk-11.0.7\bin\java.dll
0x00007ffa498e0000 - 0x00007ffa498ea000 	C:\Program Files\Java\jdk-11.0.7\bin\jimage.dll
0x00007ffa45260000 - 0x00007ffa45276000 	C:\Program Files\Java\jdk-11.0.7\bin\zip.dll
0x00007ffa512a0000 - 0x00007ffa52799000 	C:\Windows\System32\SHELL32.dll
0x00007ffa52ef0000 - 0x00007ffa52f98000 	C:\Windows\System32\shcore.dll
0x00007ffa504a0000 - 0x00007ffa50be8000 	C:\Windows\System32\windows.storage.dll
0x00007ffa50050000 - 0x00007ffa50074000 	C:\Windows\System32\profapi.dll
0x00007ffa4fff0000 - 0x00007ffa5004d000 	C:\Windows\System32\powrprof.dll
0x00007ffa531f0000 - 0x00007ffa53242000 	C:\Windows\System32\shlwapi.dll
0x00007ffa50bf0000 - 0x00007ffa50c07000 	C:\Windows\System32\cryptsp.dll
0x00007ffa44920000 - 0x00007ffa44939000 	C:\Program Files\Java\jdk-11.0.7\bin\net.dll
0x00007ffa46a30000 - 0x00007ffa46b21000 	C:\Windows\SYSTEM32\WINHTTP.dll
0x00007ffa4f7c0000 - 0x00007ffa4f827000 	C:\Windows\system32\mswsock.dll
0x00007ffa43000000 - 0x00007ffa43013000 	C:\Program Files\Java\jdk-11.0.7\bin\nio.dll

dbghelp: loaded successfully - version: 4.0.5 - missing functions: none
symbol engine: initialized successfully - sym options: 0x614 - pdb path: .;C:\Program Files\Java\jdk-11.0.7\bin;C:\Windows\SYSTEM32;C:\Windows\WinSxS\amd64_microsoft.windows.common-controls_6595b64144ccf1df_6.0.17763.2928_none_de6f2d70534d3d29;C:\Program Files\Java\jdk-11.0.7\bin\server

VM Arguments:
java_command: org.jetbrains.kotlin.cli.jvm.K2JVMCompiler @C:\Users\Ivan\AndroidStudioProjects\BroadcastDemo\app\build\20220527_6735055421357559387.compiler.options
java_class_path (initial): C:\Users\Ivan\.gradle\caches\modules-2\files-2.1\org.jetbrains.kotlin\kotlin-compiler-embeddable\1.5.10\9c35134a025cab7a1e6eee0d87d241c2f30c1218\kotlin-compiler-embeddable-1.5.10.jar;C:\Users\Ivan\.gradle\caches\modules-2\files-2.1\org.jetbrains.kotlin\kotlin-reflect\1.5.10\d6c70f3c0df2457ea0095c61c1fc1188017dc3bc\kotlin-reflect-1.5.10.jar;C:\Users\Ivan\.gradle\caches\modules-2\files-2.1\org.jetbrains.kotlin\kotlin-stdlib\1.5.10\da6a904b132f0402fa4d79169a3c1770598d4702\kotlin-stdlib-1.5.10.jar;C:\Users\Ivan\.gradle\caches\modules-2\files-2.1\org.jetbrains.kotlin\kotlin-script-runtime\1.5.10\69bad0ece91b0797055aeadbd44dc742c458398b\kotlin-script-runtime-1.5.10.jar;C:\Users\Ivan\.gradle\caches\modules-2\files-2.1\org.jetbrains.kotlin\kotlin-daemon-embeddable\1.5.10\d06ad33b62b041dae0609f830c3b48135d53b8bc\kotlin-daemon-embeddable-1.5.10.jar;C:\Users\Ivan\.gradle\caches\modules-2\files-2.1\org.jetbrains.intellij.deps\trove4j\1.0.20181211\216c2e14b070f334479d800987affe4054cd563f\trove4j-1.0.20181211.jar;C:\Users\Ivan\.gradle\caches\modules-2\files-2.1\org.jetbrains\annotations\13.0\919f0dfe192fb4e063e7dacadee7f8bb9a2672a9\annotations-13.0.jar;C:\Users\Ivan\.gradle\caches\modules-2\files-2.1\org.jetbrains.kotlin\kotlin-stdlib-common\1.5.10\6b84d926e28493be69daf673e40076f89492ef7\kotlin-stdlib-common-1.5.10.jar
Launcher Type: SUN_STANDARD

[Global flags]
     intx CICompilerCount                          = 4                                         {product} {ergonomic}
     uint ConcGCThreads                            = 2                                         {product} {ergonomic}
     uint G1ConcRefinementThreads                  = 8                                         {product} {ergonomic}
   size_t G1HeapRegionSize                         = 1048576                                   {product} {ergonomic}
    uintx GCDrainStackTargetSize                   = 64                                        {product} {ergonomic}
   size_t InitialHeapSize                          = 134217728                                 {product} {ergonomic}
   size_t MarkStackSize                            = 4194304                                   {product} {ergonomic}
   size_t MaxHeapSize                              = 2116026368                                {product} {ergonomic}
   size_t MaxNewSize                               = 1268776960                                {product} {ergonomic}
   size_t MinHeapDeltaBytes                        = 1048576                                   {product} {ergonomic}
    uintx NonNMethodCodeHeapSize                   = 5836300                                {pd product} {ergonomic}
    uintx NonProfiledCodeHeapSize                  = 122910970                              {pd product} {ergonomic}
    uintx ProfiledCodeHeapSize                     = 122910970                              {pd product} {ergonomic}
    uintx ReservedCodeCacheSize                    = 251658240                              {pd product} {ergonomic}
     bool SegmentedCodeCache                       = true                                      {product} {ergonomic}
     bool UseCompressedClassPointers               = true                                 {lp64_product} {ergonomic}
     bool UseCompressedOops                        = true                                 {lp64_product} {ergonomic}
     bool UseG1GC                                  = true                                      {product} {ergonomic}
     bool UseLargePagesIndividualAllocation        = false                                  {pd product} {ergonomic}

Logging:
Log output configuration:
 #0: stdout all=warning uptime,level,tags
 #1: stderr all=off uptime,level,tags

Environment Variables:
PATH=C:\Program Files (x86)\Common Files\Oracle\Java\javapath;C:\Windows\system32;C:\Windows;C:\Windows\System32\Wbem;C:\Windows\System32\WindowsPowerShell\v1.0\;C:\Windows\System32\OpenSSH\;C:\Program Files\PuTTY\;C:\Program Files (x86)\IVI Foundation\VISA\WinNT\Bin;C:\Program Files\Git\cmd;C:\Program Files (x86)\MGLTools-1.5.7;C:\Program Files\MEGA11;C:\Users\Ivan\AppData\Local\Microsoft\WindowsApps;
USERNAME=Ivan
OS=Windows_NT
PROCESSOR_IDENTIFIER=Intel64 Family 6 Model 142 Stepping 12, GenuineIntel



---------------  S Y S T E M  ---------------

OS: Windows 10 , 64 bit Build 17763 (10.0.17763.2928)

CPU:total 8 (initial active 8) (4 cores per cpu, 2 threads per core) family 6 model 142 stepping 12, cmov, cx8, fxsr, mmx, sse, sse2, sse3, ssse3, sse4.1, sse4.2, popcnt, avx, avx2, aes, clmul, erms, 3dnowpref, lzcnt, ht, tsc, tscinvbit, bmi1, bmi2, adx, fma

Memory: 4k page, system-wide physical 8071M (694M free)
TotalPageFile size 8871M (AvailPageFile size 19M)
current process WorkingSet (physical memory assigned to process): 223M, peak: 232M
current process commit charge ("private bytes"): 302M, peak: 335M

vm_info: Java HotSpot(TM) 64-Bit Server VM (11.0.7+8-LTS) for windows-amd64 JRE (11.0.7+8-LTS), built on Mar 12 2020 02:04:32 by "mach5one" with MS VC++ 15.5 (VS2017)

END.
