#
# There is insufficient memory for the Java Runtime Environment to continue.
# Native memory allocation (mmap) failed to map 134217728 bytes for Failed to commit area from 0x0000000081e00000 to 0x0000000089e00000 of length 134217728.
# Possible reasons:
#   The system is out of physical RAM or swap space
#   The process is running with CompressedOops enabled, and the Java Heap may be blocking the growth of the native heap
# Possible solutions:
#   Reduce memory load on the system
#   Increase physical memory or swap space
#   Check if swap backing store is full
#   Decrease Java heap size (-Xmx/-Xms)
#   Decrease number of Java threads
#   Decrease Java thread stack sizes (-Xss)
#   Set larger code cache with -XX:ReservedCodeCacheSize=
# This output file may be truncated or incomplete.
#
#  Out of Memory Error (./open/src/hotspot/os/windows/os_windows.cpp:3271), pid=5712, tid=2124
#
# JRE version:  (11.0.7+8) (build )
# Java VM: Java HotSpot(TM) 64-Bit Server VM (11.0.7+8-LTS, mixed mode, sharing, tiered, compressed oops, g1 gc, windows-amd64)
# No core dump will be written. Minidumps are not enabled by default on client versions of Windows
#

---------------  S U M M A R Y ------------

Command Line: org.jetbrains.kotlin.cli.jvm.K2JVMCompiler @C:\Users\Ivan\AndroidStudioProjects\BroadcastDemo\app\build\20220527_5396426332488359256.compiler.options

Host: Intel(R) Core(TM) i5-8265U CPU @ 1.60GHz, 8 cores, 7G,  Windows 10 , 64 bit Build 17763 (10.0.17763.2928)
Time: Fri May 27 14:23:37 2022 RTZ 7 (ceia) elapsed time: 0 seconds (0d 0h 0m 0s)

---------------  T H R E A D  ---------------

Current thread (0x000002c282dd8000):  JavaThread "Unknown thread" [_thread_in_vm, id=2124, stack(0x000000d41d900000,0x000000d41da00000)]

Stack: [0x000000d41d900000,0x000000d41da00000]
Native frames: (J=compiled Java code, j=interpreted, Vv=VM code, C=native code)
V  [jvm.dll+0x661a7a]
V  [jvm.dll+0x7a1b2f]
V  [jvm.dll+0x7a31d5]
V  [jvm.dll+0x7a3843]
V  [jvm.dll+0x25f1a8]
V  [jvm.dll+0x65ee8a]
V  [jvm.dll+0x653865]
V  [jvm.dll+0x316adc]
V  [jvm.dll+0x316962]
V  [jvm.dll+0x31c1d6]
V  [jvm.dll+0x3688af]
V  [jvm.dll+0x3682d0]
V  [jvm.dll+0x2f3888]
V  [jvm.dll+0x2f49e6]
V  [jvm.dll+0x77ac57]
V  [jvm.dll+0x77c52f]
V  [jvm.dll+0x3755a9]
V  [jvm.dll+0x75fe6e]
V  [jvm.dll+0x3e5b7d]
V  [jvm.dll+0x3e8091]
C  [java.exe+0x3607]
C  [java.exe+0x178dc]
C  [KERNEL32.DLL+0x17974]
C  [ntdll.dll+0x5a2f1]


---------------  P R O C E S S  ---------------

Threads class SMR info:
_java_thread_list=0x000002c280c28af0, length=0, elements={
}

Java Threads: ( => current thread )

Other Threads:
  0x000002c282dec000 GCTaskThread "GC Thread#0" [stack: 0x000000d41da00000,0x000000d41db00000] [id=10176]
  0x000002c282e1d000 ConcurrentGCThread "G1 Main Marker" [stack: 0x000000d41db00000,0x000000d41dc00000] [id=2968]
  0x000002c282e1f800 ConcurrentGCThread "G1 Conc#0" [stack: 0x000000d41dc00000,0x000000d41dd00000] [id=10104]

[error occurred during error reporting (printing all threads), id 0xc0000005, EXCEPTION_ACCESS_VIOLATION (0xc0000005) at pc=0x00007ffa1dc02047]

VM state:not at safepoint (not fully initialized)

VM Mutex/Monitor currently owned by a thread:  ([mutex/lock_event])
[0x000002c282dd3f30] Heap_lock - owner thread: 0x000002c282dd8000

Heap address: 0x0000000081e00000, size: 2018 MB, Compressed Oops mode: Non-zero based: 0x0000000081e00000
Narrow klass base: 0x0000000000000000, Narrow klass shift: 0

GC Heap History (0 events):
No events

Deoptimization events (0 events):
No events

Classes redefined (0 events):
No events

Internal exceptions (0 events):
No events

Events (0 events):
No events


Dynamic libraries:
0x00007ff7ea8e0000 - 0x00007ff7ea927000 	C:\Program Files\Java\jdk-11.0.7\bin\java.exe
0x00007ffa54010000 - 0x00007ffa541fd000 	C:\Windows\SYSTEM32\ntdll.dll
0x00007ffa534b0000 - 0x00007ffa53563000 	C:\Windows\System32\KERNEL32.DLL
0x00007ffa50fa0000 - 0x00007ffa51234000 	C:\Windows\System32\KERNELBASE.dll
0x00007ffa52fa0000 - 0x00007ffa53047000 	C:\Windows\System32\ADVAPI32.dll
0x00007ffa53570000 - 0x00007ffa5360e000 	C:\Windows\System32\msvcrt.dll
0x00007ffa53260000 - 0x00007ffa532ff000 	C:\Windows\System32\sechost.dll
0x00007ffa538e0000 - 0x00007ffa539fd000 	C:\Windows\System32\RPCRT4.dll
0x00007ffa53050000 - 0x00007ffa531e7000 	C:\Windows\System32\USER32.dll
0x00007ffa500a0000 - 0x00007ffa500c0000 	C:\Windows\System32\win32u.dll
0x00007ffa52df0000 - 0x00007ffa52e19000 	C:\Windows\System32\GDI32.dll
0x00007ffa50d70000 - 0x00007ffa50f0c000 	C:\Windows\System32\gdi32full.dll
0x00007ffa50c80000 - 0x00007ffa50d20000 	C:\Windows\System32\msvcp_win.dll
0x00007ffa50170000 - 0x00007ffa5026a000 	C:\Windows\System32\ucrtbase.dll
0x00007ffa41380000 - 0x00007ffa415f9000 	C:\Windows\WinSxS\amd64_microsoft.windows.common-controls_6595b64144ccf1df_6.0.17763.2928_none_de6f2d70534d3d29\COMCTL32.dll
0x00007ffa4c240000 - 0x00007ffa4c24a000 	C:\Windows\SYSTEM32\VERSION.dll
0x00007ffa528e0000 - 0x00007ffa52c0d000 	C:\Windows\System32\combase.dll
0x00007ffa50f10000 - 0x00007ffa50f92000 	C:\Windows\System32\bcryptPrimitives.dll
0x00007ffa53ad0000 - 0x00007ffa53afe000 	C:\Windows\System32\IMM32.DLL
0x00007ffa45520000 - 0x00007ffa45536000 	C:\Program Files\Java\jdk-11.0.7\bin\vcruntime140.dll
0x00007ffa3ec10000 - 0x00007ffa3ecba000 	C:\Program Files\Java\jdk-11.0.7\bin\msvcp140.dll
0x00007ffa1d900000 - 0x00007ffa1e461000 	C:\Program Files\Java\jdk-11.0.7\bin\server\jvm.dll
0x00007ffa528d0000 - 0x00007ffa528d8000 	C:\Windows\System32\PSAPI.DLL
0x00007ffa45250000 - 0x00007ffa45259000 	C:\Windows\SYSTEM32\WSOCK32.dll
0x00007ffa3dfc0000 - 0x00007ffa3dfe4000 	C:\Windows\SYSTEM32\WINMM.dll
0x00007ffa53a00000 - 0x00007ffa53a6d000 	C:\Windows\System32\WS2_32.dll
0x00007ffa3df90000 - 0x00007ffa3dfbd000 	C:\Windows\SYSTEM32\winmmbase.dll
0x00007ffa50d20000 - 0x00007ffa50d6a000 	C:\Windows\System32\cfgmgr32.dll
0x00007ffa4ffd0000 - 0x00007ffa4ffe1000 	C:\Windows\System32\kernel.appcore.dll
0x00007ffa45500000 - 0x00007ffa45511000 	C:\Program Files\Java\jdk-11.0.7\bin\verify.dll
0x00007ffa4e910000 - 0x00007ffa4eafd000 	C:\Windows\SYSTEM32\DBGHELP.DLL
0x00007ffa48eb0000 - 0x00007ffa48eda000 	C:\Windows\SYSTEM32\dbgcore.DLL
0x00007ffa44940000 - 0x00007ffa44969000 	C:\Program Files\Java\jdk-11.0.7\bin\java.dll
0x00007ffa498e0000 - 0x00007ffa498ea000 	C:\Program Files\Java\jdk-11.0.7\bin\jimage.dll
0x00007ffa45260000 - 0x00007ffa45276000 	C:\Program Files\Java\jdk-11.0.7\bin\zip.dll

dbghelp: loaded successfully - version: 4.0.5 - missing functions: none
symbol engine: initialized successfully - sym options: 0x614 - pdb path: .;C:\Program Files\Java\jdk-11.0.7\bin;C:\Windows\SYSTEM32;C:\Windows\WinSxS\amd64_microsoft.windows.common-controls_6595b64144ccf1df_6.0.17763.2928_none_de6f2d70534d3d29;C:\Program Files\Java\jdk-11.0.7\bin\server

VM Arguments:
java_command: org.jetbrains.kotlin.cli.jvm.K2JVMCompiler @C:\Users\Ivan\AndroidStudioProjects\BroadcastDemo\app\build\20220527_5396426332488359256.compiler.options
java_class_path (initial): C:\Users\Ivan\.gradle\caches\modules-2\files-2.1\org.jetbrains.kotlin\kotlin-compiler-embeddable\1.5.10\9c35134a025cab7a1e6eee0d87d241c2f30c1218\kotlin-compiler-embeddable-1.5.10.jar;C:\Users\Ivan\.gradle\caches\modules-2\files-2.1\org.jetbrains.kotlin\kotlin-reflect\1.5.10\d6c70f3c0df2457ea0095c61c1fc1188017dc3bc\kotlin-reflect-1.5.10.jar;C:\Users\Ivan\.gradle\caches\modules-2\files-2.1\org.jetbrains.kotlin\kotlin-stdlib\1.5.10\da6a904b132f0402fa4d79169a3c1770598d4702\kotlin-stdlib-1.5.10.jar;C:\Users\Ivan\.gradle\caches\modules-2\files-2.1\org.jetbrains.kotlin\kotlin-script-runtime\1.5.10\69bad0ece91b0797055aeadbd44dc742c458398b\kotlin-script-runtime-1.5.10.jar;C:\Users\Ivan\.gradle\caches\modules-2\files-2.1\org.jetbrains.kotlin\kotlin-daemon-embeddable\1.5.10\d06ad33b62b041dae0609f830c3b48135d53b8bc\kotlin-daemon-embeddable-1.5.10.jar;C:\Users\Ivan\.gradle\caches\modules-2\files-2.1\org.jetbrains.intellij.deps\trove4j\1.0.20181211\216c2e14b070f334479d800987affe4054cd563f\trove4j-1.0.20181211.jar;C:\Users\Ivan\.gradle\caches\modules-2\files-2.1\org.jetbrains\annotations\13.0\919f0dfe192fb4e063e7dacadee7f8bb9a2672a9\annotations-13.0.jar;C:\Users\Ivan\.gradle\caches\modules-2\files-2.1\org.jetbrains.kotlin\kotlin-stdlib-common\1.5.10\6b84d926e28493be69daf673e40076f89492ef7\kotlin-stdlib-common-1.5.10.jar
Launcher Type: SUN_STANDARD

[Global flags]
     intx CICompilerCount                          = 4                                         {product} {ergonomic}
     uint ConcGCThreads                            = 2                                         {product} {ergonomic}
     uint G1ConcRefinementThreads                  = 8                                         {product} {ergonomic}
   size_t G1HeapRegionSize                         = 1048576                                   {product} {ergonomic}
    uintx GCDrainStackTargetSize                   = 64                                        {product} {ergonomic}
   size_t InitialHeapSize                          = 134217728                                 {product} {ergonomic}
   size_t MarkStackSize                            = 4194304                                   {product} {ergonomic}
   size_t MaxHeapSize                              = 2116026368                                {product} {ergonomic}
   size_t MinHeapDeltaBytes                        = 1048576                                   {product} {ergonomic}
    uintx NonNMethodCodeHeapSize                   = 5836300                                {pd product} {ergonomic}
    uintx NonProfiledCodeHeapSize                  = 122910970                              {pd product} {ergonomic}
    uintx ProfiledCodeHeapSize                     = 122910970                              {pd product} {ergonomic}
    uintx ReservedCodeCacheSize                    = 251658240                              {pd product} {ergonomic}
     bool SegmentedCodeCache                       = true                                      {product} {ergonomic}
     bool UseCompressedClassPointers               = true                                 {lp64_product} {ergonomic}
     bool UseCompressedOops                        = true                                 {lp64_product} {ergonomic}
     bool UseG1GC                                  = true                                      {product} {ergonomic}
     bool UseLargePagesIndividualAllocation        = false                                  {pd product} {ergonomic}

Logging:
Log output configuration:
 #0: stdout all=warning uptime,level,tags
 #1: stderr all=off uptime,level,tags

Environment Variables:
PATH=C:\Program Files (x86)\Common Files\Oracle\Java\javapath;C:\Windows\system32;C:\Windows;C:\Windows\System32\Wbem;C:\Windows\System32\WindowsPowerShell\v1.0\;C:\Windows\System32\OpenSSH\;C:\Program Files\PuTTY\;C:\Program Files (x86)\IVI Foundation\VISA\WinNT\Bin;C:\Program Files\Git\cmd;C:\Program Files (x86)\MGLTools-1.5.7;C:\Program Files\MEGA11;C:\Users\Ivan\AppData\Local\Microsoft\WindowsApps;
USERNAME=Ivan
OS=Windows_NT
PROCESSOR_IDENTIFIER=Intel64 Family 6 Model 142 Stepping 12, GenuineIntel



---------------  S Y S T E M  ---------------

OS: Windows 10 , 64 bit Build 17763 (10.0.17763.2928)

CPU:total 8 (initial active 8) (4 cores per cpu, 2 threads per core) family 6 model 142 stepping 12, cmov, cx8, fxsr, mmx, sse, sse2, sse3, ssse3, sse4.1, sse4.2, popcnt, avx, avx2, aes, clmul, erms, 3dnowpref, lzcnt, ht, tsc, tscinvbit, bmi1, bmi2, adx, fma

Memory: 4k page, system-wide physical 8071M (791M free)
TotalPageFile size 8871M (AvailPageFile size 13M)
current process WorkingSet (physical memory assigned to process): 9M, peak: 9M
current process commit charge ("private bytes"): 60M, peak: 188M

vm_info: Java HotSpot(TM) 64-Bit Server VM (11.0.7+8-LTS) for windows-amd64 JRE (11.0.7+8-LTS), built on Mar 12 2020 02:04:32 by "mach5one" with MS VC++ 15.5 (VS2017)

END.
